TN:
SF:server.js
FN:58,(anonymous_0)
FN:63,(anonymous_1)
FNF:2
FNH:1
FNDA:18,(anonymous_0)
FNDA:0,(anonymous_1)
DA:11,1
DA:12,1
DA:13,1
DA:14,1
DA:16,1
DA:23,1
DA:24,1
DA:38,1
DA:39,1
DA:42,1
DA:43,1
DA:46,1
DA:47,1
DA:50,1
DA:51,1
DA:54,1
DA:55,1
DA:58,1
DA:59,18
DA:63,1
DA:64,0
DA:67,1
LF:22
LH:21
BRDA:59,0,0,18
BRDA:59,0,1,18
BRDA:59,1,0,18
BRDA:59,1,1,0
BRF:4
BRH:3
end_of_record
TN:
SF:routers\fuelrate.js
FN:9,(anonymous_0)
FN:24,(anonymous_1)
FN:32,(anonymous_2)
FN:50,(anonymous_3)
FN:67,(anonymous_4)
FN:73,(anonymous_5)
FN:81,(anonymous_6)
FNF:7
FNH:0
FNDA:0,(anonymous_0)
FNDA:0,(anonymous_1)
FNDA:0,(anonymous_2)
FNDA:0,(anonymous_3)
FNDA:0,(anonymous_4)
FNDA:0,(anonymous_5)
FNDA:0,(anonymous_6)
DA:1,1
DA:2,1
DA:4,1
DA:6,1
DA:9,1
DA:10,0
DA:11,0
DA:12,0
DA:14,0
DA:22,0
DA:24,0
DA:25,0
DA:26,0
DA:27,0
DA:31,0
DA:32,0
DA:33,0
DA:34,0
DA:35,0
DA:37,0
DA:38,0
DA:39,0
DA:40,0
DA:41,0
DA:42,0
DA:43,0
DA:44,0
DA:45,0
DA:50,1
DA:51,0
DA:52,0
DA:53,0
DA:54,0
DA:55,0
DA:56,0
DA:57,0
DA:59,0
DA:67,0
DA:68,0
DA:69,0
DA:70,0
DA:72,0
DA:73,0
DA:74,0
DA:75,0
DA:76,0
DA:78,0
DA:79,0
DA:80,0
DA:81,0
DA:82,0
DA:83,0
DA:84,0
DA:86,0
DA:87,0
DA:93,1
LF:56
LH:7
BRDA:25,0,0,0
BRDA:25,0,1,0
BRDA:33,1,0,0
BRDA:33,1,1,0
BRDA:37,2,0,0
BRDA:37,2,1,0
BRDA:38,3,0,0
BRDA:38,3,1,0
BRDA:39,4,0,0
BRDA:39,4,1,0
BRDA:68,5,0,0
BRDA:68,5,1,0
BRDA:74,6,0,0
BRDA:74,6,1,0
BRDA:82,7,0,0
BRDA:82,7,1,0
BRF:16
BRH:0
end_of_record
TN:
SF:routers\login.js
FN:10,(anonymous_0)
FN:33,(anonymous_1)
FN:40,(anonymous_2)
FNF:3
FNH:3
FNDA:5,(anonymous_0)
FNDA:5,(anonymous_1)
FNDA:5,(anonymous_2)
DA:1,1
DA:2,1
DA:3,1
DA:5,1
DA:7,1
DA:10,1
DA:11,5
DA:12,5
DA:15,5
DA:16,0
DA:18,5
DA:19,0
DA:21,5
DA:22,0
DA:25,5
DA:33,5
DA:34,5
DA:35,0
DA:36,0
DA:38,5
DA:40,5
DA:41,5
DA:42,0
DA:43,0
DA:45,5
DA:46,4
DA:47,4
DA:50,1
DA:51,1
DA:52,1
DA:53,1
DA:54,1
DA:57,0
DA:58,0
DA:65,1
LF:35
LH:26
BRDA:15,0,0,0
BRDA:15,0,1,5
BRDA:18,1,0,0
BRDA:18,1,1,5
BRDA:21,2,0,0
BRDA:21,2,1,5
BRDA:34,3,0,0
BRDA:34,3,1,5
BRDA:41,4,0,0
BRDA:41,4,1,5
BRDA:45,5,0,4
BRDA:45,5,1,1
BRDA:51,6,0,1
BRDA:51,6,1,0
BRF:14
BRH:8
end_of_record
TN:
SF:routers\profile.js
FN:9,(anonymous_0)
FN:20,(anonymous_1)
FN:27,(anonymous_2)
FN:38,(anonymous_3)
FN:76,(anonymous_4)
FN:85,(anonymous_5)
FN:93,(anonymous_6)
FN:103,(anonymous_7)
FNF:8
FNH:4
FNDA:0,(anonymous_0)
FNDA:0,(anonymous_1)
FNDA:0,(anonymous_2)
FNDA:11,(anonymous_3)
FNDA:11,(anonymous_4)
FNDA:11,(anonymous_5)
FNDA:11,(anonymous_6)
FNDA:0,(anonymous_7)
DA:1,1
DA:2,1
DA:4,1
DA:6,1
DA:9,1
DA:10,0
DA:12,0
DA:20,0
DA:21,0
DA:22,0
DA:23,0
DA:25,0
DA:27,0
DA:28,0
DA:29,0
DA:30,0
DA:32,0
DA:33,0
DA:38,1
DA:39,11
DA:40,11
DA:41,11
DA:42,11
DA:43,11
DA:44,11
DA:45,11
DA:47,11
DA:48,1
DA:50,11
DA:51,1
DA:53,11
DA:54,1
DA:56,11
DA:57,1
DA:59,11
DA:60,1
DA:62,11
DA:63,0
DA:66,11
DA:74,11
DA:76,11
DA:77,11
DA:78,0
DA:79,0
DA:81,11
DA:82,11
DA:83,11
DA:85,11
DA:86,11
DA:87,0
DA:88,0
DA:90,11
DA:91,11
DA:92,11
DA:93,11
DA:94,11
DA:95,11
DA:96,11
DA:98,11
DA:99,11
DA:103,0
DA:104,0
DA:105,0
DA:106,0
DA:108,0
DA:109,0
DA:117,1
LF:67
LH:43
BRDA:21,0,0,0
BRDA:21,0,1,0
BRDA:28,1,0,0
BRDA:28,1,1,0
BRDA:47,2,0,1
BRDA:47,2,1,10
BRDA:50,3,0,1
BRDA:50,3,1,10
BRDA:53,4,0,1
BRDA:53,4,1,10
BRDA:56,5,0,1
BRDA:56,5,1,10
BRDA:59,6,0,1
BRDA:59,6,1,10
BRDA:59,7,0,11
BRDA:59,7,1,11
BRDA:62,8,0,0
BRDA:62,8,1,11
BRDA:77,9,0,0
BRDA:77,9,1,11
BRDA:86,10,0,0
BRDA:86,10,1,11
BRDA:92,11,0,11
BRDA:92,11,1,0
BRDA:94,12,0,11
BRDA:94,12,1,0
BRDA:104,13,0,0
BRDA:104,13,1,0
BRF:28
BRH:17
end_of_record
TN:
SF:routers\quotehistory.js
FN:9,(anonymous_0)
FN:20,(anonymous_1)
FN:27,(anonymous_2)
FNF:3
FNH:0
FNDA:0,(anonymous_0)
FNDA:0,(anonymous_1)
FNDA:0,(anonymous_2)
DA:1,1
DA:2,1
DA:4,1
DA:6,1
DA:9,1
DA:10,0
DA:12,0
DA:20,0
DA:21,0
DA:22,0
DA:23,0
DA:25,0
DA:27,0
DA:28,0
DA:29,0
DA:30,0
DA:32,0
DA:33,0
DA:38,1
LF:19
LH:6
BRDA:21,0,0,0
BRDA:21,0,1,0
BRDA:28,1,0,0
BRDA:28,1,1,0
BRF:4
BRH:0
end_of_record
TN:
SF:routers\signup.js
FN:9,(anonymous_0)
FN:34,(anonymous_1)
FN:42,(anonymous_2)
FN:54,(anonymous_3)
FNF:4
FNH:4
FNDA:3,(anonymous_0)
FNDA:3,(anonymous_1)
FNDA:3,(anonymous_2)
FNDA:1,(anonymous_3)
DA:1,1
DA:2,1
DA:3,1
DA:5,1
DA:6,1
DA:9,1
DA:10,3
DA:11,3
DA:14,3
DA:15,0
DA:17,3
DA:18,1
DA:20,3
DA:21,0
DA:25,3
DA:26,3
DA:34,3
DA:35,3
DA:36,0
DA:37,0
DA:39,3
DA:40,3
DA:42,3
DA:43,3
DA:44,0
DA:45,0
DA:47,3
DA:48,3
DA:49,3
DA:50,2
DA:51,2
DA:54,1
DA:55,1
DA:56,0
DA:57,0
DA:59,1
DA:60,1
DA:67,1
LF:38
LH:30
BRDA:14,0,0,0
BRDA:14,0,1,3
BRDA:17,1,0,1
BRDA:17,1,1,2
BRDA:20,2,0,0
BRDA:20,2,1,3
BRDA:35,3,0,0
BRDA:35,3,1,3
BRDA:43,4,0,0
BRDA:43,4,1,3
BRDA:49,5,0,2
BRDA:49,5,1,1
BRDA:55,6,0,0
BRDA:55,6,1,1
BRF:14
BRH:9
end_of_record
